<?xml version="1.0" encoding="UTF-8" ?>
<testsuite tests="2" failures="0" name="com.gallup.gethip.MainTest" time="1.929" errors="2" skipped="0">
  <properties>
[...]
</properties>
  <testcase classname="com.gallup.gethip.MainTest" name="testApplicationWadl" time="1.606">
    <error message="Address already in use: bind" type="java.net.BindException">java.net.BindException: Address already in use: bind
	at sun.nio.ch.Net.bind0(Native Method)
	at sun.nio.ch.Net.bind(Unknown Source)
	at sun.nio.ch.Net.bind(Unknown Source)
	at sun.nio.ch.ServerSocketChannelImpl.bind(Unknown Source)
	at sun.nio.ch.ServerSocketAdaptor.bind(Unknown Source)
	at org.glassfish.grizzly.nio.transport.TCPNIOTransport.bind(TCPNIOTransport.java:395)
	at org.glassfish.grizzly.nio.transport.TCPNIOTransport.bind(TCPNIOTransport.java:366)
	at org.glassfish.grizzly.nio.transport.TCPNIOTransport.bind(TCPNIOTransport.java:357)
	at org.glassfish.grizzly.http.server.NetworkListener.start(NetworkListener.java:606)
	at org.glassfish.grizzly.http.server.HttpServer.start(HttpServer.java:260)
	at com.sun.jersey.api.container.grizzly2.GrizzlyServerFactory.createHttpServer(GrizzlyServerFactory.java:329)
	at com.sun.jersey.api.container.grizzly2.GrizzlyServerFactory.createHttpServer(GrizzlyServerFactory.java:346)
	at com.sun.jersey.api.container.grizzly2.GrizzlyServerFactory.createHttpServer(GrizzlyServerFactory.java:245)
	at com.gallup.gethip.Main.startServer(Main.java:54)
	at com.gallup.gethip.MainTest.setUp(MainTest.java:27)
	at junit.framework.TestCase.runBare(TestCase.java:132)
	at junit.framework.TestResult$1.protect(TestResult.java:110)
	at junit.framework.TestResult.runProtected(TestResult.java:128)
	at junit.framework.TestResult.run(TestResult.java:113)
	at junit.framework.TestCase.run(TestCase.java:124)
	at junit.framework.TestSuite.runTest(TestSuite.java:243)
	at junit.framework.TestSuite.run(TestSuite.java:238)
	at org.junit.internal.runners.JUnit38ClassRunner.run(JUnit38ClassRunner.java:83)
	at org.apache.maven.surefire.junit4.JUnit4TestSet.execute(JUnit4TestSet.java:53)
	at org.apache.maven.surefire.junit4.JUnit4Provider.executeTestSet(JUnit4Provider.java:123)
	at org.apache.maven.surefire.junit4.JUnit4Provider.invoke(JUnit4Provider.java:104)
	at sun.reflect.NativeMethodAccessorImpl.invoke0(Native Method)
	at sun.reflect.NativeMethodAccessorImpl.invoke(Unknown Source)
	at sun.reflect.DelegatingMethodAccessorImpl.invoke(Unknown Source)
	at java.lang.reflect.Method.invoke(Unknown Source)
	at org.apache.maven.surefire.util.ReflectionUtils.invokeMethodWithArray(ReflectionUtils.java:164)
	at org.apache.maven.surefire.booter.ProviderFactory$ProviderProxy.invoke(ProviderFactory.java:110)
	at org.apache.maven.surefire.booter.SurefireStarter.invokeProvider(SurefireStarter.java:175)
	at org.apache.maven.surefire.booter.SurefireStarter.runSuitesInProcessWhenForked(SurefireStarter.java:107)
	at org.apache.maven.surefire.booter.ForkedBooter.main(ForkedBooter.java:68)
</error>
    <system-out>Starting grizzly2...
</system-out>
    <system-err>Feb 27, 2016 11:44:31 AM com.sun.jersey.api.core.PackagesResourceConfig init
INFO: Scanning for root resource and provider classes in the packages:
  com.gallup.gethip.resources
Feb 27, 2016 11:44:31 AM com.sun.jersey.api.core.ScanningResourceConfig logClasses
INFO: Root resource classes found:
  class com.gallup.gethip.resources.DecorationResource
  class com.gallup.gethip.resources.CartResource
Feb 27, 2016 11:44:31 AM com.sun.jersey.api.core.ScanningResourceConfig init
INFO: No provider classes found.
Feb 27, 2016 11:44:31 AM com.sun.jersey.server.impl.application.WebApplicationImpl _initiate
INFO: Initiating Jersey application, version &apos;Jersey: 1.19 02/11/2015 03:25 AM&apos;
Feb 27, 2016 11:44:31 AM com.sun.jersey.core.spi.component.ProviderServices getInstances
SEVERE: The class com.gallup.gethip.CORSResponseFilter is not assignable to the class com.sun.jersey.spi.container.ContainerResponseFilter. This class is ignored.
Feb 27, 2016 11:44:32 AM com.sun.jersey.spi.inject.Errors processErrorMessages
WARNING: The following warnings have been detected with resource and/or provider classes:
  WARNING: A HTTP GET method, public java.lang.String com.gallup.gethip.resources.CartResource.getId(java.lang.String), should not consume any entity.
  WARNING: A HTTP GET method, public java.lang.String com.gallup.gethip.resources.CartResource.getAddDate(java.lang.String), should not consume any entity.
  WARNING: A HTTP GET method, public java.lang.String com.gallup.gethip.resources.DecorationResource.getProductName(java.lang.String), should not consume any entity.
  WARNING: A HTTP GET method, public java.lang.String com.gallup.gethip.resources.DecorationResource.getProductId(java.lang.String), should not consume any entity.
  WARNING: A HTTP GET method, public java.lang.String com.gallup.gethip.resources.DecorationResource.getHoliday(java.lang.String), should not consume any entity.
</system-err>
  </testcase>
  <testcase classname="com.gallup.gethip.MainTest" name="testMyResource" time="0.267">
    <error message="Address already in use: bind" type="java.net.BindException">java.net.BindException: Address already in use: bind
	at sun.nio.ch.Net.bind0(Native Method)
	at sun.nio.ch.Net.bind(Unknown Source)
	at sun.nio.ch.Net.bind(Unknown Source)
	at sun.nio.ch.ServerSocketChannelImpl.bind(Unknown Source)
	at sun.nio.ch.ServerSocketAdaptor.bind(Unknown Source)
	at org.glassfish.grizzly.nio.transport.TCPNIOTransport.bind(TCPNIOTransport.java:395)
	at org.glassfish.grizzly.nio.transport.TCPNIOTransport.bind(TCPNIOTransport.java:366)
	at org.glassfish.grizzly.nio.transport.TCPNIOTransport.bind(TCPNIOTransport.java:357)
	at org.glassfish.grizzly.http.server.NetworkListener.start(NetworkListener.java:606)
	at org.glassfish.grizzly.http.server.HttpServer.start(HttpServer.java:260)
	at com.sun.jersey.api.container.grizzly2.GrizzlyServerFactory.createHttpServer(GrizzlyServerFactory.java:329)
	at com.sun.jersey.api.container.grizzly2.GrizzlyServerFactory.createHttpServer(GrizzlyServerFactory.java:346)
	at com.sun.jersey.api.container.grizzly2.GrizzlyServerFactory.createHttpServer(GrizzlyServerFactory.java:245)
	at com.gallup.gethip.Main.startServer(Main.java:54)
	at com.gallup.gethip.MainTest.setUp(MainTest.java:27)
	at junit.framework.TestCase.runBare(TestCase.java:132)
	at junit.framework.TestResult$1.protect(TestResult.java:110)
	at junit.framework.TestResult.runProtected(TestResult.java:128)
	at junit.framework.TestResult.run(TestResult.java:113)
	at junit.framework.TestCase.run(TestCase.java:124)
	at junit.framework.TestSuite.runTest(TestSuite.java:243)
	at junit.framework.TestSuite.run(TestSuite.java:238)
	at org.junit.internal.runners.JUnit38ClassRunner.run(JUnit38ClassRunner.java:83)
	at org.apache.maven.surefire.junit4.JUnit4TestSet.execute(JUnit4TestSet.java:53)
	at org.apache.maven.surefire.junit4.JUnit4Provider.executeTestSet(JUnit4Provider.java:123)
	at org.apache.maven.surefire.junit4.JUnit4Provider.invoke(JUnit4Provider.java:104)
	at sun.reflect.NativeMethodAccessorImpl.invoke0(Native Method)
	at sun.reflect.NativeMethodAccessorImpl.invoke(Unknown Source)
	at sun.reflect.DelegatingMethodAccessorImpl.invoke(Unknown Source)
	at java.lang.reflect.Method.invoke(Unknown Source)
	at org.apache.maven.surefire.util.ReflectionUtils.invokeMethodWithArray(ReflectionUtils.java:164)
	at org.apache.maven.surefire.booter.ProviderFactory$ProviderProxy.invoke(ProviderFactory.java:110)
	at org.apache.maven.surefire.booter.SurefireStarter.invokeProvider(SurefireStarter.java:175)
	at org.apache.maven.surefire.booter.SurefireStarter.runSuitesInProcessWhenForked(SurefireStarter.java:107)
	at org.apache.maven.surefire.booter.ForkedBooter.main(ForkedBooter.java:68)
</error>
    <system-out>Starting grizzly2...
</system-out>
    <system-err>Feb 27, 2016 11:44:33 AM com.sun.jersey.api.core.PackagesResourceConfig init
INFO: Scanning for root resource and provider classes in the packages:
  com.gallup.gethip.resources
Feb 27, 2016 11:44:33 AM com.sun.jersey.api.core.ScanningResourceConfig logClasses
INFO: Root resource classes found:
  class com.gallup.gethip.resources.DecorationResource
  class com.gallup.gethip.resources.CartResource
Feb 27, 2016 11:44:33 AM com.sun.jersey.api.core.ScanningResourceConfig init
INFO: No provider classes found.
Feb 27, 2016 11:44:33 AM com.sun.jersey.server.impl.application.WebApplicationImpl _initiate
INFO: Initiating Jersey application, version &apos;Jersey: 1.19 02/11/2015 03:25 AM&apos;
Feb 27, 2016 11:44:33 AM com.sun.jersey.core.spi.component.ProviderServices getInstances
SEVERE: The class com.gallup.gethip.CORSResponseFilter is not assignable to the class com.sun.jersey.spi.container.ContainerResponseFilter. This class is ignored.
Feb 27, 2016 11:44:33 AM com.sun.jersey.spi.inject.Errors processErrorMessages
WARNING: The following warnings have been detected with resource and/or provider classes:
  WARNING: A HTTP GET method, public java.lang.String com.gallup.gethip.resources.CartResource.getId(java.lang.String), should not consume any entity.
  WARNING: A HTTP GET method, public java.lang.String com.gallup.gethip.resources.CartResource.getAddDate(java.lang.String), should not consume any entity.
  WARNING: A HTTP GET method, public java.lang.String com.gallup.gethip.resources.DecorationResource.getProductName(java.lang.String), should not consume any entity.
  WARNING: A HTTP GET method, public java.lang.String com.gallup.gethip.resources.DecorationResource.getProductId(java.lang.String), should not consume any entity.
  WARNING: A HTTP GET method, public java.lang.String com.gallup.gethip.resources.DecorationResource.getHoliday(java.lang.String), should not consume any entity.
</system-err>
  </testcase>
</testsuite>